[0.013s] Invoking command in '/home/rom1/ros_gz_sim_demos/build/ros_gz_sim_demos': CMAKE_PREFIX_PATH=${CMAKE_PREFIX_PATH}:/home/rom1/ros2_ws/install/my_turtle_controller:/home/rom1/ros2_ws/install/my_package:/home/rom1/ros2_ws/install/gazebo_test:/opt/ros/humble /usr/bin/cmake /home/rom1/ros_gz_sim_demos -DCMAKE_INSTALL_PREFIX=/home/rom1/ros_gz_sim_demos/install/ros_gz_sim_demos
[0.251s] -- The C compiler identification is GNU 11.4.0
[0.351s] -- The CXX compiler identification is GNU 11.4.0
[0.375s] -- Detecting C compiler ABI info
[0.481s] -- Detecting C compiler ABI info - done
[0.487s] -- Check for working C compiler: /usr/bin/cc - skipped
[0.488s] -- Detecting C compile features
[0.490s] -- Detecting C compile features - done
[0.497s] -- Detecting CXX compiler ABI info
[0.592s] -- Detecting CXX compiler ABI info - done
[0.611s] -- Check for working CXX compiler: /usr/bin/c++ - skipped
[0.612s] -- Detecting CXX compile features
[0.613s] -- Detecting CXX compile features - done
[0.622s] -- Found ament_cmake: 1.3.10 (/opt/ros/humble/share/ament_cmake/cmake)
[0.815s] -- Found Python3: /usr/bin/python3 (found version "3.10.12") found components: Interpreter 
[0.970s] -- Found ament_lint_auto: 0.12.11 (/opt/ros/humble/share/ament_lint_auto/cmake)
[1.061s] -- Added test 'copyright' to check source files copyright and LICENSE
[1.066s] -- Added test 'cppcheck' to perform static code analysis on C / C++ code
[1.066s] -- Configured cppcheck include dirs: 
[1.067s] -- Configured cppcheck exclude dirs and/or files: 
[1.070s] -- Added test 'cpplint' to check C / C++ code against the Google style
[1.070s] -- Configured cpplint exclude dirs and/or files: 
[1.071s] -- Added test 'flake8' to check Python code syntax and style conventions
[1.073s] -- Added test 'lint_cmake' to check CMake code style
[1.074s] -- Added test 'pep257' to check Python code against some of the docstring style conventions in PEP 257
[1.078s] -- Added test 'uncrustify' to check C / C++ code style
[1.078s] -- Configured uncrustify additional arguments: 
[1.079s] -- Added test 'xmllint' to check XML markup files
[1.082s] -- Configuring done
[1.083s] -- Generating done
[1.084s] -- Build files have been written to: /home/rom1/ros_gz_sim_demos/build/ros_gz_sim_demos
[1.089s] Invoked command in '/home/rom1/ros_gz_sim_demos/build/ros_gz_sim_demos' returned '0': CMAKE_PREFIX_PATH=${CMAKE_PREFIX_PATH}:/home/rom1/ros2_ws/install/my_turtle_controller:/home/rom1/ros2_ws/install/my_package:/home/rom1/ros2_ws/install/gazebo_test:/opt/ros/humble /usr/bin/cmake /home/rom1/ros_gz_sim_demos -DCMAKE_INSTALL_PREFIX=/home/rom1/ros_gz_sim_demos/install/ros_gz_sim_demos
[1.093s] Invoking command in '/home/rom1/ros_gz_sim_demos/build/ros_gz_sim_demos': CMAKE_PREFIX_PATH=${CMAKE_PREFIX_PATH}:/home/rom1/ros2_ws/install/my_turtle_controller:/home/rom1/ros2_ws/install/my_package:/home/rom1/ros2_ws/install/gazebo_test:/opt/ros/humble /usr/bin/cmake --build /home/rom1/ros_gz_sim_demos/build/ros_gz_sim_demos -- -j8 -l8
[1.136s] Invoked command in '/home/rom1/ros_gz_sim_demos/build/ros_gz_sim_demos' returned '0': CMAKE_PREFIX_PATH=${CMAKE_PREFIX_PATH}:/home/rom1/ros2_ws/install/my_turtle_controller:/home/rom1/ros2_ws/install/my_package:/home/rom1/ros2_ws/install/gazebo_test:/opt/ros/humble /usr/bin/cmake --build /home/rom1/ros_gz_sim_demos/build/ros_gz_sim_demos -- -j8 -l8
[1.162s] Invoking command in '/home/rom1/ros_gz_sim_demos/build/ros_gz_sim_demos': CMAKE_PREFIX_PATH=${CMAKE_PREFIX_PATH}:/home/rom1/ros2_ws/install/my_turtle_controller:/home/rom1/ros2_ws/install/my_package:/home/rom1/ros2_ws/install/gazebo_test:/opt/ros/humble /usr/bin/cmake --install /home/rom1/ros_gz_sim_demos/build/ros_gz_sim_demos
[1.167s] -- Install configuration: ""
[1.167s] -- Installing: /home/rom1/ros_gz_sim_demos/install/ros_gz_sim_demos/share/ros_gz_sim_demos/launch
[1.167s] -- Installing: /home/rom1/ros_gz_sim_demos/install/ros_gz_sim_demos/share/ros_gz_sim_demos/launch/image_bridge.launch.py
[1.168s] -- Installing: /home/rom1/ros_gz_sim_demos/install/ros_gz_sim_demos/share/ros_gz_sim_demos/launch/depth_camera.launch.py
[1.168s] -- Installing: /home/rom1/ros_gz_sim_demos/install/ros_gz_sim_demos/share/ros_gz_sim_demos/launch/navsat_gpsfix.launch.py
[1.168s] -- Installing: /home/rom1/ros_gz_sim_demos/install/ros_gz_sim_demos/share/ros_gz_sim_demos/launch/joint_states.launch.py
[1.168s] -- Installing: /home/rom1/ros_gz_sim_demos/install/ros_gz_sim_demos/share/ros_gz_sim_demos/launch/gpu_lidar.launch.py
[1.168s] -- Installing: /home/rom1/ros_gz_sim_demos/install/ros_gz_sim_demos/share/ros_gz_sim_demos/launch/navsat.launch.py
[1.168s] -- Installing: /home/rom1/ros_gz_sim_demos/install/ros_gz_sim_demos/share/ros_gz_sim_demos/launch/triggered_camera.launch.py
[1.168s] -- Installing: /home/rom1/ros_gz_sim_demos/install/ros_gz_sim_demos/share/ros_gz_sim_demos/launch/imu.launch.py
[1.168s] -- Installing: /home/rom1/ros_gz_sim_demos/install/ros_gz_sim_demos/share/ros_gz_sim_demos/launch/air_pressure.launch.py
[1.168s] -- Installing: /home/rom1/ros_gz_sim_demos/install/ros_gz_sim_demos/share/ros_gz_sim_demos/launch/tf_bridge.launch.py
[1.168s] -- Installing: /home/rom1/ros_gz_sim_demos/install/ros_gz_sim_demos/share/ros_gz_sim_demos/launch/battery.launch.py
[1.169s] -- Installing: /home/rom1/ros_gz_sim_demos/install/ros_gz_sim_demos/share/ros_gz_sim_demos/launch/diff_drive.launch.py
[1.169s] -- Installing: /home/rom1/ros_gz_sim_demos/install/ros_gz_sim_demos/share/ros_gz_sim_demos/launch/magnetometer.launch.py
[1.169s] -- Installing: /home/rom1/ros_gz_sim_demos/install/ros_gz_sim_demos/share/ros_gz_sim_demos/launch/rgbd_camera.launch.py
[1.169s] -- Installing: /home/rom1/ros_gz_sim_demos/install/ros_gz_sim_demos/share/ros_gz_sim_demos/launch/sdf_parser.launch.py
[1.169s] -- Installing: /home/rom1/ros_gz_sim_demos/install/ros_gz_sim_demos/share/ros_gz_sim_demos/launch/robot_description_publisher.launch.py
[1.169s] -- Installing: /home/rom1/ros_gz_sim_demos/install/ros_gz_sim_demos/share/ros_gz_sim_demos/launch/rgbd_camera_bridge.launch.py
[1.169s] -- Installing: /home/rom1/ros_gz_sim_demos/install/ros_gz_sim_demos/share/ros_gz_sim_demos/launch/camera.launch.py
[1.169s] -- Installing: /home/rom1/ros_gz_sim_demos/install/ros_gz_sim_demos/share/ros_gz_sim_demos/launch/gpu_lidar_bridge.launch.py
[1.169s] -- Installing: /home/rom1/ros_gz_sim_demos/install/ros_gz_sim_demos/share/ros_gz_sim_demos/rviz
[1.170s] -- Installing: /home/rom1/ros_gz_sim_demos/install/ros_gz_sim_demos/share/ros_gz_sim_demos/rviz/robot_description_publisher.rviz
[1.170s] -- Installing: /home/rom1/ros_gz_sim_demos/install/ros_gz_sim_demos/share/ros_gz_sim_demos/rviz/depth_camera.rviz
[1.170s] -- Installing: /home/rom1/ros_gz_sim_demos/install/ros_gz_sim_demos/share/ros_gz_sim_demos/rviz/gpu_lidar.rviz
[1.170s] -- Installing: /home/rom1/ros_gz_sim_demos/install/ros_gz_sim_demos/share/ros_gz_sim_demos/rviz/camera.rviz
[1.170s] -- Installing: /home/rom1/ros_gz_sim_demos/install/ros_gz_sim_demos/share/ros_gz_sim_demos/rviz/gpu_lidar_bridge.rviz
[1.170s] -- Installing: /home/rom1/ros_gz_sim_demos/install/ros_gz_sim_demos/share/ros_gz_sim_demos/rviz/rgbd_camera.rviz
[1.170s] -- Installing: /home/rom1/ros_gz_sim_demos/install/ros_gz_sim_demos/share/ros_gz_sim_demos/rviz/vehicle.rviz
[1.170s] -- Installing: /home/rom1/ros_gz_sim_demos/install/ros_gz_sim_demos/share/ros_gz_sim_demos/rviz/diff_drive.rviz
[1.170s] -- Installing: /home/rom1/ros_gz_sim_demos/install/ros_gz_sim_demos/share/ros_gz_sim_demos/rviz/joint_states.rviz
[1.170s] -- Installing: /home/rom1/ros_gz_sim_demos/install/ros_gz_sim_demos/share/ros_gz_sim_demos/rviz/tf_bridge.rviz
[1.171s] -- Installing: /home/rom1/ros_gz_sim_demos/install/ros_gz_sim_demos/share/ros_gz_sim_demos/rviz/imu.rviz
[1.171s] -- Installing: /home/rom1/ros_gz_sim_demos/install/ros_gz_sim_demos/share/ros_gz_sim_demos/rviz/rgbd_camera_bridge.rviz
[1.171s] -- Installing: /home/rom1/ros_gz_sim_demos/install/ros_gz_sim_demos/share/ros_gz_sim_demos/models
[1.171s] -- Installing: /home/rom1/ros_gz_sim_demos/install/ros_gz_sim_demos/share/ros_gz_sim_demos/models/double_pendulum_model.sdf
[1.171s] -- Installing: /home/rom1/ros_gz_sim_demos/install/ros_gz_sim_demos/share/ros_gz_sim_demos/models/rrbot.xacro
[1.171s] -- Installing: /home/rom1/ros_gz_sim_demos/install/ros_gz_sim_demos/share/ros_gz_sim_demos/models/vehicle
[1.171s] -- Installing: /home/rom1/ros_gz_sim_demos/install/ros_gz_sim_demos/share/ros_gz_sim_demos/models/vehicle/model.sdf
[1.171s] -- Installing: /home/rom1/ros_gz_sim_demos/install/ros_gz_sim_demos/share/ros_gz_sim_demos/models/vehicle/model.config
[1.171s] -- Installing: /home/rom1/ros_gz_sim_demos/install/ros_gz_sim_demos/share/ros_gz_sim_demos/worlds
[1.171s] -- Installing: /home/rom1/ros_gz_sim_demos/install/ros_gz_sim_demos/share/ros_gz_sim_demos/worlds/vehicle.sdf
[1.172s] -- Installing: /home/rom1/ros_gz_sim_demos/install/ros_gz_sim_demos/share/ros_gz_sim_demos/environment/ros_gz_sim_demos.dsv
[1.172s] -- Installing: /home/rom1/ros_gz_sim_demos/install/ros_gz_sim_demos/share/ament_index/resource_index/package_run_dependencies/ros_gz_sim_demos
[1.172s] -- Installing: /home/rom1/ros_gz_sim_demos/install/ros_gz_sim_demos/share/ament_index/resource_index/parent_prefix_path/ros_gz_sim_demos
[1.172s] -- Installing: /home/rom1/ros_gz_sim_demos/install/ros_gz_sim_demos/share/ros_gz_sim_demos/environment/ament_prefix_path.sh
[1.172s] -- Installing: /home/rom1/ros_gz_sim_demos/install/ros_gz_sim_demos/share/ros_gz_sim_demos/environment/ament_prefix_path.dsv
[1.172s] -- Installing: /home/rom1/ros_gz_sim_demos/install/ros_gz_sim_demos/share/ros_gz_sim_demos/environment/path.sh
[1.172s] -- Installing: /home/rom1/ros_gz_sim_demos/install/ros_gz_sim_demos/share/ros_gz_sim_demos/environment/path.dsv
[1.172s] -- Installing: /home/rom1/ros_gz_sim_demos/install/ros_gz_sim_demos/share/ros_gz_sim_demos/local_setup.bash
[1.172s] -- Installing: /home/rom1/ros_gz_sim_demos/install/ros_gz_sim_demos/share/ros_gz_sim_demos/local_setup.sh
[1.172s] -- Installing: /home/rom1/ros_gz_sim_demos/install/ros_gz_sim_demos/share/ros_gz_sim_demos/local_setup.zsh
[1.172s] -- Installing: /home/rom1/ros_gz_sim_demos/install/ros_gz_sim_demos/share/ros_gz_sim_demos/local_setup.dsv
[1.173s] -- Installing: /home/rom1/ros_gz_sim_demos/install/ros_gz_sim_demos/share/ros_gz_sim_demos/package.dsv
[1.173s] -- Installing: /home/rom1/ros_gz_sim_demos/install/ros_gz_sim_demos/share/ament_index/resource_index/packages/ros_gz_sim_demos
[1.173s] -- Installing: /home/rom1/ros_gz_sim_demos/install/ros_gz_sim_demos/share/ros_gz_sim_demos/cmake/ros_gz_sim_demosConfig.cmake
[1.173s] -- Installing: /home/rom1/ros_gz_sim_demos/install/ros_gz_sim_demos/share/ros_gz_sim_demos/cmake/ros_gz_sim_demosConfig-version.cmake
[1.174s] -- Installing: /home/rom1/ros_gz_sim_demos/install/ros_gz_sim_demos/share/ros_gz_sim_demos/package.xml
[1.174s] Invoked command in '/home/rom1/ros_gz_sim_demos/build/ros_gz_sim_demos' returned '0': CMAKE_PREFIX_PATH=${CMAKE_PREFIX_PATH}:/home/rom1/ros2_ws/install/my_turtle_controller:/home/rom1/ros2_ws/install/my_package:/home/rom1/ros2_ws/install/gazebo_test:/opt/ros/humble /usr/bin/cmake --install /home/rom1/ros_gz_sim_demos/build/ros_gz_sim_demos
