[0.019s] Invoking command in '/home/rom1/ros_gz_sim_demos/build/ros_gz_sim_demos': CMAKE_PREFIX_PATH=${CMAKE_PREFIX_PATH}:/home/rom1/ros2_ws/install/my_turtle_controller:/home/rom1/ros2_ws/install/my_package:/home/rom1/ros2_ws/install/gazebo_test:/opt/ros/humble /usr/bin/cmake --build /home/rom1/ros_gz_sim_demos/build/ros_gz_sim_demos -- -j8 -l8
[0.126s] Invoked command in '/home/rom1/ros_gz_sim_demos/build/ros_gz_sim_demos' returned '0': CMAKE_PREFIX_PATH=${CMAKE_PREFIX_PATH}:/home/rom1/ros2_ws/install/my_turtle_controller:/home/rom1/ros2_ws/install/my_package:/home/rom1/ros2_ws/install/gazebo_test:/opt/ros/humble /usr/bin/cmake --build /home/rom1/ros_gz_sim_demos/build/ros_gz_sim_demos -- -j8 -l8
[0.181s] Invoking command in '/home/rom1/ros_gz_sim_demos/build/ros_gz_sim_demos': CMAKE_PREFIX_PATH=${CMAKE_PREFIX_PATH}:/home/rom1/ros2_ws/install/my_turtle_controller:/home/rom1/ros2_ws/install/my_package:/home/rom1/ros2_ws/install/gazebo_test:/opt/ros/humble /usr/bin/cmake --install /home/rom1/ros_gz_sim_demos/build/ros_gz_sim_demos
[0.195s] -- Install configuration: ""
[0.195s] -- Up-to-date: /home/rom1/ros_gz_sim_demos/install/ros_gz_sim_demos/share/ros_gz_sim_demos/launch
[0.195s] -- Up-to-date: /home/rom1/ros_gz_sim_demos/install/ros_gz_sim_demos/share/ros_gz_sim_demos/launch/image_bridge.launch.py
[0.196s] -- Up-to-date: /home/rom1/ros_gz_sim_demos/install/ros_gz_sim_demos/share/ros_gz_sim_demos/launch/depth_camera.launch.py
[0.196s] -- Up-to-date: /home/rom1/ros_gz_sim_demos/install/ros_gz_sim_demos/share/ros_gz_sim_demos/launch/navsat_gpsfix.launch.py
[0.196s] -- Up-to-date: /home/rom1/ros_gz_sim_demos/install/ros_gz_sim_demos/share/ros_gz_sim_demos/launch/joint_states.launch.py
[0.196s] -- Up-to-date: /home/rom1/ros_gz_sim_demos/install/ros_gz_sim_demos/share/ros_gz_sim_demos/launch/gpu_lidar.launch.py
[0.196s] -- Up-to-date: /home/rom1/ros_gz_sim_demos/install/ros_gz_sim_demos/share/ros_gz_sim_demos/launch/navsat.launch.py
[0.196s] -- Up-to-date: /home/rom1/ros_gz_sim_demos/install/ros_gz_sim_demos/share/ros_gz_sim_demos/launch/triggered_camera.launch.py
[0.197s] -- Up-to-date: /home/rom1/ros_gz_sim_demos/install/ros_gz_sim_demos/share/ros_gz_sim_demos/launch/imu.launch.py
[0.197s] -- Up-to-date: /home/rom1/ros_gz_sim_demos/install/ros_gz_sim_demos/share/ros_gz_sim_demos/launch/air_pressure.launch.py
[0.198s] -- Up-to-date: /home/rom1/ros_gz_sim_demos/install/ros_gz_sim_demos/share/ros_gz_sim_demos/launch/tf_bridge.launch.py
[0.198s] -- Up-to-date: /home/rom1/ros_gz_sim_demos/install/ros_gz_sim_demos/share/ros_gz_sim_demos/launch/battery.launch.py
[0.198s] -- Installing: /home/rom1/ros_gz_sim_demos/install/ros_gz_sim_demos/share/ros_gz_sim_demos/launch/diff_drive.launch.py
[0.198s] -- Up-to-date: /home/rom1/ros_gz_sim_demos/install/ros_gz_sim_demos/share/ros_gz_sim_demos/launch/magnetometer.launch.py
[0.198s] -- Up-to-date: /home/rom1/ros_gz_sim_demos/install/ros_gz_sim_demos/share/ros_gz_sim_demos/launch/rgbd_camera.launch.py
[0.198s] -- Up-to-date: /home/rom1/ros_gz_sim_demos/install/ros_gz_sim_demos/share/ros_gz_sim_demos/launch/sdf_parser.launch.py
[0.199s] -- Up-to-date: /home/rom1/ros_gz_sim_demos/install/ros_gz_sim_demos/share/ros_gz_sim_demos/launch/robot_description_publisher.launch.py
[0.199s] -- Up-to-date: /home/rom1/ros_gz_sim_demos/install/ros_gz_sim_demos/share/ros_gz_sim_demos/launch/rgbd_camera_bridge.launch.py
[0.199s] -- Up-to-date: /home/rom1/ros_gz_sim_demos/install/ros_gz_sim_demos/share/ros_gz_sim_demos/launch/camera.launch.py
[0.199s] -- Up-to-date: /home/rom1/ros_gz_sim_demos/install/ros_gz_sim_demos/share/ros_gz_sim_demos/launch/gpu_lidar_bridge.launch.py
[0.199s] -- Up-to-date: /home/rom1/ros_gz_sim_demos/install/ros_gz_sim_demos/share/ros_gz_sim_demos/rviz
[0.199s] -- Up-to-date: /home/rom1/ros_gz_sim_demos/install/ros_gz_sim_demos/share/ros_gz_sim_demos/rviz/robot_description_publisher.rviz
[0.200s] -- Up-to-date: /home/rom1/ros_gz_sim_demos/install/ros_gz_sim_demos/share/ros_gz_sim_demos/rviz/depth_camera.rviz
[0.200s] -- Up-to-date: /home/rom1/ros_gz_sim_demos/install/ros_gz_sim_demos/share/ros_gz_sim_demos/rviz/gpu_lidar.rviz
[0.200s] -- Up-to-date: /home/rom1/ros_gz_sim_demos/install/ros_gz_sim_demos/share/ros_gz_sim_demos/rviz/camera.rviz
[0.200s] -- Up-to-date: /home/rom1/ros_gz_sim_demos/install/ros_gz_sim_demos/share/ros_gz_sim_demos/rviz/gpu_lidar_bridge.rviz
[0.200s] -- Up-to-date: /home/rom1/ros_gz_sim_demos/install/ros_gz_sim_demos/share/ros_gz_sim_demos/rviz/rgbd_camera.rviz
[0.201s] -- Up-to-date: /home/rom1/ros_gz_sim_demos/install/ros_gz_sim_demos/share/ros_gz_sim_demos/rviz/vehicle.rviz
[0.201s] -- Up-to-date: /home/rom1/ros_gz_sim_demos/install/ros_gz_sim_demos/share/ros_gz_sim_demos/rviz/diff_drive.rviz
[0.201s] -- Up-to-date: /home/rom1/ros_gz_sim_demos/install/ros_gz_sim_demos/share/ros_gz_sim_demos/rviz/joint_states.rviz
[0.201s] -- Up-to-date: /home/rom1/ros_gz_sim_demos/install/ros_gz_sim_demos/share/ros_gz_sim_demos/rviz/tf_bridge.rviz
[0.201s] -- Up-to-date: /home/rom1/ros_gz_sim_demos/install/ros_gz_sim_demos/share/ros_gz_sim_demos/rviz/imu.rviz
[0.201s] -- Up-to-date: /home/rom1/ros_gz_sim_demos/install/ros_gz_sim_demos/share/ros_gz_sim_demos/rviz/rgbd_camera_bridge.rviz
[0.202s] -- Up-to-date: /home/rom1/ros_gz_sim_demos/install/ros_gz_sim_demos/share/ros_gz_sim_demos/models
[0.202s] -- Up-to-date: /home/rom1/ros_gz_sim_demos/install/ros_gz_sim_demos/share/ros_gz_sim_demos/models/double_pendulum_model.sdf
[0.202s] -- Up-to-date: /home/rom1/ros_gz_sim_demos/install/ros_gz_sim_demos/share/ros_gz_sim_demos/models/rrbot.xacro
[0.202s] -- Up-to-date: /home/rom1/ros_gz_sim_demos/install/ros_gz_sim_demos/share/ros_gz_sim_demos/models/vehicle
[0.202s] -- Up-to-date: /home/rom1/ros_gz_sim_demos/install/ros_gz_sim_demos/share/ros_gz_sim_demos/models/vehicle/model.sdf
[0.202s] -- Up-to-date: /home/rom1/ros_gz_sim_demos/install/ros_gz_sim_demos/share/ros_gz_sim_demos/models/vehicle/model.config
[0.203s] -- Up-to-date: /home/rom1/ros_gz_sim_demos/install/ros_gz_sim_demos/share/ros_gz_sim_demos/worlds
[0.203s] -- Up-to-date: /home/rom1/ros_gz_sim_demos/install/ros_gz_sim_demos/share/ros_gz_sim_demos/worlds/vehicle.sdf
[0.203s] -- Up-to-date: /home/rom1/ros_gz_sim_demos/install/ros_gz_sim_demos/share/ros_gz_sim_demos/environment/ros_gz_sim_demos.dsv
[0.203s] -- Up-to-date: /home/rom1/ros_gz_sim_demos/install/ros_gz_sim_demos/share/ament_index/resource_index/package_run_dependencies/ros_gz_sim_demos
[0.203s] -- Up-to-date: /home/rom1/ros_gz_sim_demos/install/ros_gz_sim_demos/share/ament_index/resource_index/parent_prefix_path/ros_gz_sim_demos
[0.203s] -- Up-to-date: /home/rom1/ros_gz_sim_demos/install/ros_gz_sim_demos/share/ros_gz_sim_demos/environment/ament_prefix_path.sh
[0.203s] -- Up-to-date: /home/rom1/ros_gz_sim_demos/install/ros_gz_sim_demos/share/ros_gz_sim_demos/environment/ament_prefix_path.dsv
[0.204s] -- Up-to-date: /home/rom1/ros_gz_sim_demos/install/ros_gz_sim_demos/share/ros_gz_sim_demos/environment/path.sh
[0.204s] -- Up-to-date: /home/rom1/ros_gz_sim_demos/install/ros_gz_sim_demos/share/ros_gz_sim_demos/environment/path.dsv
[0.204s] -- Up-to-date: /home/rom1/ros_gz_sim_demos/install/ros_gz_sim_demos/share/ros_gz_sim_demos/local_setup.bash
[0.204s] -- Up-to-date: /home/rom1/ros_gz_sim_demos/install/ros_gz_sim_demos/share/ros_gz_sim_demos/local_setup.sh
[0.204s] -- Up-to-date: /home/rom1/ros_gz_sim_demos/install/ros_gz_sim_demos/share/ros_gz_sim_demos/local_setup.zsh
[0.204s] -- Up-to-date: /home/rom1/ros_gz_sim_demos/install/ros_gz_sim_demos/share/ros_gz_sim_demos/local_setup.dsv
[0.204s] -- Up-to-date: /home/rom1/ros_gz_sim_demos/install/ros_gz_sim_demos/share/ros_gz_sim_demos/package.dsv
[0.204s] -- Up-to-date: /home/rom1/ros_gz_sim_demos/install/ros_gz_sim_demos/share/ament_index/resource_index/packages/ros_gz_sim_demos
[0.205s] -- Up-to-date: /home/rom1/ros_gz_sim_demos/install/ros_gz_sim_demos/share/ros_gz_sim_demos/cmake/ros_gz_sim_demosConfig.cmake
[0.205s] -- Up-to-date: /home/rom1/ros_gz_sim_demos/install/ros_gz_sim_demos/share/ros_gz_sim_demos/cmake/ros_gz_sim_demosConfig-version.cmake
[0.205s] -- Up-to-date: /home/rom1/ros_gz_sim_demos/install/ros_gz_sim_demos/share/ros_gz_sim_demos/package.xml
[0.207s] Invoked command in '/home/rom1/ros_gz_sim_demos/build/ros_gz_sim_demos' returned '0': CMAKE_PREFIX_PATH=${CMAKE_PREFIX_PATH}:/home/rom1/ros2_ws/install/my_turtle_controller:/home/rom1/ros2_ws/install/my_package:/home/rom1/ros2_ws/install/gazebo_test:/opt/ros/humble /usr/bin/cmake --install /home/rom1/ros_gz_sim_demos/build/ros_gz_sim_demos
